➡️ [TIME = 2025-11-24T07:20:00.987Z, ID = 01KATBQP6RPGST0ABBWCR827Y2]]
Request: GET /
Headers: {"host":"localhost:3000","connection":"keep-alive","sec-ch-ua":"\"Chromium\";v=\"142\", \"Google Chrome\";v=\"142\", \"Not_A Brand\";v=\"99\"","sec-ch-ua-mobile":"?0","sec-ch-ua-platform":"\"Linux\"","upgrade-insecure-requests":"1","user-agent":"Mozilla/5.0 (X11; Linux x86_64) AppleWebKit/537.36 (KHTML, like Gecko) Chrome/142.0.0.0 Safari/537.36","accept":"text/html,application/xhtml+xml,application/xml;q=0.9,image/avif,image/webp,image/apng,*/*;q=0.8,application/signed-exchange;v=b3;q=0.7","sec-fetch-site":"none","sec-fetch-mode":"navigate","sec-fetch-user":"?1","sec-fetch-dest":"document","accept-encoding":"gzip, deflate, br, zstd","accept-language":"vi-VN,vi;q=0.9,fr-FR;q=0.8,fr;q=0.7,en-US;q=0.6,en;q=0.5","cookie":"g_state={\"i_l\":0,\"i_ll\":1763187459981,\"i_b\":\"bHNUlCxDka/r2HYrnC6+wxBxToNccP2eh8UMq5RLBN0\"}; sid=252fe913b56b4795816e19ee387103a2"}
Response: 404 Not Found; Duration: 3ms
-------------------------------------------------------------------------------------------------------
➡️ [TIME = 2025-11-24T07:20:04.426Z, ID = 01KATBQSJ9Q4AJ0FS2D3HSVB7F]]
Request: GET /
Headers: {"host":"localhost:3000","connection":"keep-alive","cache-control":"max-age=0","sec-ch-ua":"\"Chromium\";v=\"142\", \"Google Chrome\";v=\"142\", \"Not_A Brand\";v=\"99\"","sec-ch-ua-mobile":"?0","sec-ch-ua-platform":"\"Linux\"","upgrade-insecure-requests":"1","user-agent":"Mozilla/5.0 (X11; Linux x86_64) AppleWebKit/537.36 (KHTML, like Gecko) Chrome/142.0.0.0 Safari/537.36","accept":"text/html,application/xhtml+xml,application/xml;q=0.9,image/avif,image/webp,image/apng,*/*;q=0.8,application/signed-exchange;v=b3;q=0.7","sec-fetch-site":"none","sec-fetch-mode":"navigate","sec-fetch-user":"?1","sec-fetch-dest":"document","accept-encoding":"gzip, deflate, br, zstd","accept-language":"vi-VN,vi;q=0.9,fr-FR;q=0.8,fr;q=0.7,en-US;q=0.6,en;q=0.5","cookie":"g_state={\"i_l\":0,\"i_ll\":1763187459981,\"i_b\":\"bHNUlCxDka/r2HYrnC6+wxBxToNccP2eh8UMq5RLBN0\"}; sid=252fe913b56b4795816e19ee387103a2"}
Response: 404 Not Found; Duration: 1ms
-------------------------------------------------------------------------------------------------------
➡️ [TIME = 2025-11-24T08:34:52.010Z, ID = 01KATG0QZ7CEG3ZZGVYE06BCWG]]
Request: GET /api/docs/
Headers: {"host":"localhost:3000","connection":"keep-alive","upgrade-insecure-requests":"1","user-agent":"Mozilla/5.0 (X11; Linux x86_64) AppleWebKit/537.36 (KHTML, like Gecko) Chrome/142.0.0.0 Safari/537.36","accept":"text/html,application/xhtml+xml,application/xml;q=0.9,image/avif,image/webp,image/apng,*/*;q=0.8,application/signed-exchange;v=b3;q=0.7","sec-fetch-site":"none","sec-fetch-mode":"navigate","sec-fetch-user":"?1","sec-fetch-dest":"document","sec-ch-ua":"\"Chromium\";v=\"142\", \"Google Chrome\";v=\"142\", \"Not_A Brand\";v=\"99\"","sec-ch-ua-mobile":"?0","sec-ch-ua-platform":"\"Linux\"","accept-encoding":"gzip, deflate, br, zstd","accept-language":"vi-VN,vi;q=0.9,fr-FR;q=0.8,fr;q=0.7,en-US;q=0.6,en;q=0.5","cookie":"g_state={\"i_l\":0,\"i_ll\":1763187459981,\"i_b\":\"bHNUlCxDka/r2HYrnC6+wxBxToNccP2eh8UMq5RLBN0\"}; sid=252fe913b56b4795816e19ee387103a2","if-none-match":"W/\"c22-H8FH9nKD8DeX/nvIRrte6ZjP2a4\""}
Response: 304 Not Modified; Duration: 3ms
-------------------------------------------------------------------------------------------------------
➡️ [TIME = 2025-11-24T08:34:52.027Z, ID = 01KATG0QZRRFQC08KA88XQ5K2M]]
Request: GET /api/docs/swagger-ui.css
Headers: {"host":"localhost:3000","connection":"keep-alive","sec-ch-ua-platform":"\"Linux\"","user-agent":"Mozilla/5.0 (X11; Linux x86_64) AppleWebKit/537.36 (KHTML, like Gecko) Chrome/142.0.0.0 Safari/537.36","sec-ch-ua":"\"Chromium\";v=\"142\", \"Google Chrome\";v=\"142\", \"Not_A Brand\";v=\"99\"","sec-ch-ua-mobile":"?0","accept":"text/css,*/*;q=0.1","sec-fetch-site":"same-origin","sec-fetch-mode":"no-cors","sec-fetch-dest":"style","referer":"http://localhost:3000/api/docs/","accept-encoding":"gzip, deflate, br, zstd","accept-language":"vi-VN,vi;q=0.9,fr-FR;q=0.8,fr;q=0.7,en-US;q=0.6,en;q=0.5","cookie":"g_state={\"i_l\":0,\"i_ll\":1763187459981,\"i_b\":\"bHNUlCxDka/r2HYrnC6+wxBxToNccP2eh8UMq5RLBN0\"}; sid=252fe913b56b4795816e19ee387103a2","if-none-match":"W/\"25e4c-19ab49ff3df\"","if-modified-since":"Mon, 24 Nov 2025 06:49:32 GMT"}
Response: 200 OK; Duration: 3ms
-------------------------------------------------------------------------------------------------------
➡️ [TIME = 2025-11-24T08:34:52.030Z, ID = 01KATG0QZYHPB50K3TC5ZPGC4X]]
Request: GET /api/docs/swagger-ui-init.js
Headers: {"host":"localhost:3000","connection":"keep-alive","sec-ch-ua-platform":"\"Linux\"","user-agent":"Mozilla/5.0 (X11; Linux x86_64) AppleWebKit/537.36 (KHTML, like Gecko) Chrome/142.0.0.0 Safari/537.36","sec-ch-ua":"\"Chromium\";v=\"142\", \"Google Chrome\";v=\"142\", \"Not_A Brand\";v=\"99\"","sec-ch-ua-mobile":"?0","accept":"*/*","sec-fetch-site":"same-origin","sec-fetch-mode":"no-cors","sec-fetch-dest":"script","referer":"http://localhost:3000/api/docs/","accept-encoding":"gzip, deflate, br, zstd","accept-language":"vi-VN,vi;q=0.9,fr-FR;q=0.8,fr;q=0.7,en-US;q=0.6,en;q=0.5","cookie":"g_state={\"i_l\":0,\"i_ll\":1763187459981,\"i_b\":\"bHNUlCxDka/r2HYrnC6+wxBxToNccP2eh8UMq5RLBN0\"}; sid=252fe913b56b4795816e19ee387103a2","if-none-match":"W/\"104d-iUmWbjVvT15JbP4bsMqEooFzyf0\""}
Response: 304 Not Modified; Duration: 0ms
-------------------------------------------------------------------------------------------------------
➡️ [TIME = 2025-11-24T08:34:52.031Z, ID = 01KATG0QZXD4RH4PE040WS007P]]
Request: GET /api/docs/swagger-ui-standalone-preset.js
Headers: {"host":"localhost:3000","connection":"keep-alive","sec-ch-ua-platform":"\"Linux\"","user-agent":"Mozilla/5.0 (X11; Linux x86_64) AppleWebKit/537.36 (KHTML, like Gecko) Chrome/142.0.0.0 Safari/537.36","sec-ch-ua":"\"Chromium\";v=\"142\", \"Google Chrome\";v=\"142\", \"Not_A Brand\";v=\"99\"","sec-ch-ua-mobile":"?0","accept":"*/*","sec-fetch-site":"same-origin","sec-fetch-mode":"no-cors","sec-fetch-dest":"script","referer":"http://localhost:3000/api/docs/","accept-encoding":"gzip, deflate, br, zstd","accept-language":"vi-VN,vi;q=0.9,fr-FR;q=0.8,fr;q=0.7,en-US;q=0.6,en;q=0.5","cookie":"g_state={\"i_l\":0,\"i_ll\":1763187459981,\"i_b\":\"bHNUlCxDka/r2HYrnC6+wxBxToNccP2eh8UMq5RLBN0\"}; sid=252fe913b56b4795816e19ee387103a2","if-none-match":"W/\"37f67-19ab49ff3de\"","if-modified-since":"Mon, 24 Nov 2025 06:49:32 GMT"}
Response: 200 OK; Duration: 2ms
-------------------------------------------------------------------------------------------------------
➡️ [TIME = 2025-11-24T08:34:52.033Z, ID = 01KATG0QZWK5AEZWXCEZCC83KC]]
Request: GET /api/docs/swagger-ui-bundle.js
Headers: {"host":"localhost:3000","connection":"keep-alive","sec-ch-ua-platform":"\"Linux\"","user-agent":"Mozilla/5.0 (X11; Linux x86_64) AppleWebKit/537.36 (KHTML, like Gecko) Chrome/142.0.0.0 Safari/537.36","sec-ch-ua":"\"Chromium\";v=\"142\", \"Google Chrome\";v=\"142\", \"Not_A Brand\";v=\"99\"","sec-ch-ua-mobile":"?0","accept":"*/*","sec-fetch-site":"same-origin","sec-fetch-mode":"no-cors","sec-fetch-dest":"script","referer":"http://localhost:3000/api/docs/","accept-encoding":"gzip, deflate, br, zstd","accept-language":"vi-VN,vi;q=0.9,fr-FR;q=0.8,fr;q=0.7,en-US;q=0.6,en;q=0.5","cookie":"g_state={\"i_l\":0,\"i_ll\":1763187459981,\"i_b\":\"bHNUlCxDka/r2HYrnC6+wxBxToNccP2eh8UMq5RLBN0\"}; sid=252fe913b56b4795816e19ee387103a2","if-none-match":"W/\"16ac1f-19ab49ff3df\"","if-modified-since":"Mon, 24 Nov 2025 06:49:32 GMT"}
Response: 200 OK; Duration: 5ms
-------------------------------------------------------------------------------------------------------
➡️ [TIME = 2025-11-24T08:53:33.594Z, ID = 01KATH2Z8QB7XF91N5TJ2X103E]]
Request: GET /api/docs/
Headers: {"host":"localhost:3000","connection":"keep-alive","upgrade-insecure-requests":"1","user-agent":"Mozilla/5.0 (X11; Linux x86_64) AppleWebKit/537.36 (KHTML, like Gecko) Chrome/142.0.0.0 Safari/537.36","accept":"text/html,application/xhtml+xml,application/xml;q=0.9,image/avif,image/webp,image/apng,*/*;q=0.8,application/signed-exchange;v=b3;q=0.7","sec-fetch-site":"none","sec-fetch-mode":"navigate","sec-fetch-user":"?1","sec-fetch-dest":"document","sec-ch-ua":"\"Chromium\";v=\"142\", \"Google Chrome\";v=\"142\", \"Not_A Brand\";v=\"99\"","sec-ch-ua-mobile":"?0","sec-ch-ua-platform":"\"Linux\"","accept-encoding":"gzip, deflate, br, zstd","accept-language":"vi-VN,vi;q=0.9,fr-FR;q=0.8,fr;q=0.7,en-US;q=0.6,en;q=0.5","cookie":"g_state={\"i_l\":0,\"i_ll\":1763187459981,\"i_b\":\"bHNUlCxDka/r2HYrnC6+wxBxToNccP2eh8UMq5RLBN0\"}; sid=252fe913b56b4795816e19ee387103a2","if-none-match":"W/\"c22-H8FH9nKD8DeX/nvIRrte6ZjP2a4\""}
Response: 304 Not Modified; Duration: 3ms
-------------------------------------------------------------------------------------------------------
➡️ [TIME = 2025-11-24T08:53:33.613Z, ID = 01KATH2Z9BSB74S0QXBYF55Y6S]]
Request: GET /api/docs/swagger-ui.css
Headers: {"host":"localhost:3000","connection":"keep-alive","sec-ch-ua-platform":"\"Linux\"","user-agent":"Mozilla/5.0 (X11; Linux x86_64) AppleWebKit/537.36 (KHTML, like Gecko) Chrome/142.0.0.0 Safari/537.36","sec-ch-ua":"\"Chromium\";v=\"142\", \"Google Chrome\";v=\"142\", \"Not_A Brand\";v=\"99\"","sec-ch-ua-mobile":"?0","accept":"text/css,*/*;q=0.1","sec-fetch-site":"same-origin","sec-fetch-mode":"no-cors","sec-fetch-dest":"style","referer":"http://localhost:3000/api/docs/","accept-encoding":"gzip, deflate, br, zstd","accept-language":"vi-VN,vi;q=0.9,fr-FR;q=0.8,fr;q=0.7,en-US;q=0.6,en;q=0.5","cookie":"g_state={\"i_l\":0,\"i_ll\":1763187459981,\"i_b\":\"bHNUlCxDka/r2HYrnC6+wxBxToNccP2eh8UMq5RLBN0\"}; sid=252fe913b56b4795816e19ee387103a2","if-none-match":"W/\"25e4c-19ab4bba198\"","if-modified-since":"Mon, 24 Nov 2025 07:19:46 GMT"}
Response: 304 Not Modified; Duration: 2ms
-------------------------------------------------------------------------------------------------------
➡️ [TIME = 2025-11-24T08:53:33.614Z, ID = 01KATH2Z9D2WXYREY5KR6WP45T]]
Request: GET /api/docs/swagger-ui-bundle.js
Headers: {"host":"localhost:3000","connection":"keep-alive","sec-ch-ua-platform":"\"Linux\"","user-agent":"Mozilla/5.0 (X11; Linux x86_64) AppleWebKit/537.36 (KHTML, like Gecko) Chrome/142.0.0.0 Safari/537.36","sec-ch-ua":"\"Chromium\";v=\"142\", \"Google Chrome\";v=\"142\", \"Not_A Brand\";v=\"99\"","sec-ch-ua-mobile":"?0","accept":"*/*","sec-fetch-site":"same-origin","sec-fetch-mode":"no-cors","sec-fetch-dest":"script","referer":"http://localhost:3000/api/docs/","accept-encoding":"gzip, deflate, br, zstd","accept-language":"vi-VN,vi;q=0.9,fr-FR;q=0.8,fr;q=0.7,en-US;q=0.6,en;q=0.5","cookie":"g_state={\"i_l\":0,\"i_ll\":1763187459981,\"i_b\":\"bHNUlCxDka/r2HYrnC6+wxBxToNccP2eh8UMq5RLBN0\"}; sid=252fe913b56b4795816e19ee387103a2","if-none-match":"W/\"170b0f-19ab4bba1ed\"","if-modified-since":"Mon, 24 Nov 2025 07:19:46 GMT"}
Response: 304 Not Modified; Duration: 1ms
-------------------------------------------------------------------------------------------------------
➡️ [TIME = 2025-11-24T08:53:33.615Z, ID = 01KATH2Z9EPV8WP01K473KHAPF]]
Request: GET /api/docs/swagger-ui-standalone-preset.js
Headers: {"host":"localhost:3000","connection":"keep-alive","sec-ch-ua-platform":"\"Linux\"","user-agent":"Mozilla/5.0 (X11; Linux x86_64) AppleWebKit/537.36 (KHTML, like Gecko) Chrome/142.0.0.0 Safari/537.36","sec-ch-ua":"\"Chromium\";v=\"142\", \"Google Chrome\";v=\"142\", \"Not_A Brand\";v=\"99\"","sec-ch-ua-mobile":"?0","accept":"*/*","sec-fetch-site":"same-origin","sec-fetch-mode":"no-cors","sec-fetch-dest":"script","referer":"http://localhost:3000/api/docs/","accept-encoding":"gzip, deflate, br, zstd","accept-language":"vi-VN,vi;q=0.9,fr-FR;q=0.8,fr;q=0.7,en-US;q=0.6,en;q=0.5","cookie":"g_state={\"i_l\":0,\"i_ll\":1763187459981,\"i_b\":\"bHNUlCxDka/r2HYrnC6+wxBxToNccP2eh8UMq5RLBN0\"}; sid=252fe913b56b4795816e19ee387103a2","if-none-match":"W/\"3d1df-19ab4bba462\"","if-modified-since":"Mon, 24 Nov 2025 07:19:47 GMT"}
Response: 304 Not Modified; Duration: 1ms
-------------------------------------------------------------------------------------------------------
➡️ [TIME = 2025-11-24T08:53:33.615Z, ID = 01KATH2Z9FQ6CYFPVTPH98JK7C]]
Request: GET /api/docs/swagger-ui-init.js
Headers: {"host":"localhost:3000","connection":"keep-alive","sec-ch-ua-platform":"\"Linux\"","user-agent":"Mozilla/5.0 (X11; Linux x86_64) AppleWebKit/537.36 (KHTML, like Gecko) Chrome/142.0.0.0 Safari/537.36","sec-ch-ua":"\"Chromium\";v=\"142\", \"Google Chrome\";v=\"142\", \"Not_A Brand\";v=\"99\"","sec-ch-ua-mobile":"?0","accept":"*/*","sec-fetch-site":"same-origin","sec-fetch-mode":"no-cors","sec-fetch-dest":"script","referer":"http://localhost:3000/api/docs/","accept-encoding":"gzip, deflate, br, zstd","accept-language":"vi-VN,vi;q=0.9,fr-FR;q=0.8,fr;q=0.7,en-US;q=0.6,en;q=0.5","cookie":"g_state={\"i_l\":0,\"i_ll\":1763187459981,\"i_b\":\"bHNUlCxDka/r2HYrnC6+wxBxToNccP2eh8UMq5RLBN0\"}; sid=252fe913b56b4795816e19ee387103a2","if-none-match":"W/\"104d-iUmWbjVvT15JbP4bsMqEooFzyf0\""}
Response: 304 Not Modified; Duration: 0ms
-------------------------------------------------------------------------------------------------------
➡️ [TIME = 2025-11-24T08:57:15.243Z, ID = 01KATH9QQ88YY2M8HKXXV48ZF5]]
Request: GET /api/docs/
Headers: {"host":"localhost:3000","connection":"keep-alive","upgrade-insecure-requests":"1","user-agent":"Mozilla/5.0 (X11; Linux x86_64) AppleWebKit/537.36 (KHTML, like Gecko) Chrome/142.0.0.0 Safari/537.36","accept":"text/html,application/xhtml+xml,application/xml;q=0.9,image/avif,image/webp,image/apng,*/*;q=0.8,application/signed-exchange;v=b3;q=0.7","sec-fetch-site":"none","sec-fetch-mode":"navigate","sec-fetch-user":"?1","sec-fetch-dest":"document","sec-ch-ua":"\"Chromium\";v=\"142\", \"Google Chrome\";v=\"142\", \"Not_A Brand\";v=\"99\"","sec-ch-ua-mobile":"?0","sec-ch-ua-platform":"\"Linux\"","accept-encoding":"gzip, deflate, br, zstd","accept-language":"vi-VN,vi;q=0.9,fr-FR;q=0.8,fr;q=0.7,en-US;q=0.6,en;q=0.5","cookie":"g_state={\"i_l\":0,\"i_ll\":1763187459981,\"i_b\":\"bHNUlCxDka/r2HYrnC6+wxBxToNccP2eh8UMq5RLBN0\"}; sid=252fe913b56b4795816e19ee387103a2","if-none-match":"W/\"c22-H8FH9nKD8DeX/nvIRrte6ZjP2a4\""}
Response: 304 Not Modified; Duration: 3ms
-------------------------------------------------------------------------------------------------------
➡️ [TIME = 2025-11-24T08:57:15.265Z, ID = 01KATH9QQZMYQ4FJPB9XHRP9QE]]
Request: GET /api/docs/swagger-ui.css
Headers: {"host":"localhost:3000","connection":"keep-alive","sec-ch-ua-platform":"\"Linux\"","user-agent":"Mozilla/5.0 (X11; Linux x86_64) AppleWebKit/537.36 (KHTML, like Gecko) Chrome/142.0.0.0 Safari/537.36","sec-ch-ua":"\"Chromium\";v=\"142\", \"Google Chrome\";v=\"142\", \"Not_A Brand\";v=\"99\"","sec-ch-ua-mobile":"?0","accept":"text/css,*/*;q=0.1","sec-fetch-site":"same-origin","sec-fetch-mode":"no-cors","sec-fetch-dest":"style","referer":"http://localhost:3000/api/docs/","accept-encoding":"gzip, deflate, br, zstd","accept-language":"vi-VN,vi;q=0.9,fr-FR;q=0.8,fr;q=0.7,en-US;q=0.6,en;q=0.5","cookie":"g_state={\"i_l\":0,\"i_ll\":1763187459981,\"i_b\":\"bHNUlCxDka/r2HYrnC6+wxBxToNccP2eh8UMq5RLBN0\"}; sid=252fe913b56b4795816e19ee387103a2","if-none-match":"W/\"25e4c-19ab4bba198\"","if-modified-since":"Mon, 24 Nov 2025 07:19:46 GMT"}
Response: 304 Not Modified; Duration: 2ms
-------------------------------------------------------------------------------------------------------
➡️ [TIME = 2025-11-24T08:57:15.266Z, ID = 01KATH9QR1K4D866B5449NXZJ5]]
Request: GET /api/docs/swagger-ui-bundle.js
Headers: {"host":"localhost:3000","connection":"keep-alive","sec-ch-ua-platform":"\"Linux\"","user-agent":"Mozilla/5.0 (X11; Linux x86_64) AppleWebKit/537.36 (KHTML, like Gecko) Chrome/142.0.0.0 Safari/537.36","sec-ch-ua":"\"Chromium\";v=\"142\", \"Google Chrome\";v=\"142\", \"Not_A Brand\";v=\"99\"","sec-ch-ua-mobile":"?0","accept":"*/*","sec-fetch-site":"same-origin","sec-fetch-mode":"no-cors","sec-fetch-dest":"script","referer":"http://localhost:3000/api/docs/","accept-encoding":"gzip, deflate, br, zstd","accept-language":"vi-VN,vi;q=0.9,fr-FR;q=0.8,fr;q=0.7,en-US;q=0.6,en;q=0.5","cookie":"g_state={\"i_l\":0,\"i_ll\":1763187459981,\"i_b\":\"bHNUlCxDka/r2HYrnC6+wxBxToNccP2eh8UMq5RLBN0\"}; sid=252fe913b56b4795816e19ee387103a2","if-none-match":"W/\"170b0f-19ab4bba1ed\"","if-modified-since":"Mon, 24 Nov 2025 07:19:46 GMT"}
Response: 304 Not Modified; Duration: 1ms
-------------------------------------------------------------------------------------------------------
➡️ [TIME = 2025-11-24T08:57:15.269Z, ID = 01KATH9QR3QX9YB679189YCW6V]]
Request: GET /api/docs/swagger-ui-init.js
Headers: {"host":"localhost:3000","connection":"keep-alive","sec-ch-ua-platform":"\"Linux\"","user-agent":"Mozilla/5.0 (X11; Linux x86_64) AppleWebKit/537.36 (KHTML, like Gecko) Chrome/142.0.0.0 Safari/537.36","sec-ch-ua":"\"Chromium\";v=\"142\", \"Google Chrome\";v=\"142\", \"Not_A Brand\";v=\"99\"","sec-ch-ua-mobile":"?0","accept":"*/*","sec-fetch-site":"same-origin","sec-fetch-mode":"no-cors","sec-fetch-dest":"script","referer":"http://localhost:3000/api/docs/","accept-encoding":"gzip, deflate, br, zstd","accept-language":"vi-VN,vi;q=0.9,fr-FR;q=0.8,fr;q=0.7,en-US;q=0.6,en;q=0.5","cookie":"g_state={\"i_l\":0,\"i_ll\":1763187459981,\"i_b\":\"bHNUlCxDka/r2HYrnC6+wxBxToNccP2eh8UMq5RLBN0\"}; sid=252fe913b56b4795816e19ee387103a2","if-none-match":"W/\"104d-iUmWbjVvT15JbP4bsMqEooFzyf0\""}
Response: 200 OK; Duration: 2ms
-------------------------------------------------------------------------------------------------------
➡️ [TIME = 2025-11-24T08:57:15.269Z, ID = 01KATH9QR3NT0KEKP11710GP6K]]
Request: GET /api/docs/swagger-ui-standalone-preset.js
Headers: {"host":"localhost:3000","connection":"keep-alive","sec-ch-ua-platform":"\"Linux\"","user-agent":"Mozilla/5.0 (X11; Linux x86_64) AppleWebKit/537.36 (KHTML, like Gecko) Chrome/142.0.0.0 Safari/537.36","sec-ch-ua":"\"Chromium\";v=\"142\", \"Google Chrome\";v=\"142\", \"Not_A Brand\";v=\"99\"","sec-ch-ua-mobile":"?0","accept":"*/*","sec-fetch-site":"same-origin","sec-fetch-mode":"no-cors","sec-fetch-dest":"script","referer":"http://localhost:3000/api/docs/","accept-encoding":"gzip, deflate, br, zstd","accept-language":"vi-VN,vi;q=0.9,fr-FR;q=0.8,fr;q=0.7,en-US;q=0.6,en;q=0.5","cookie":"g_state={\"i_l\":0,\"i_ll\":1763187459981,\"i_b\":\"bHNUlCxDka/r2HYrnC6+wxBxToNccP2eh8UMq5RLBN0\"}; sid=252fe913b56b4795816e19ee387103a2","if-none-match":"W/\"3d1df-19ab4bba462\"","if-modified-since":"Mon, 24 Nov 2025 07:19:47 GMT"}
Response: 304 Not Modified; Duration: 2ms
-------------------------------------------------------------------------------------------------------
➡️ [TIME = 2025-11-24T08:57:19.277Z, ID = 01KATH9VMN9PKK94B40EGF90YT]]
Request: POST /api/users
Headers: {"host":"localhost:3000","connection":"keep-alive","content-length":"62","sec-ch-ua-platform":"\"Linux\"","user-agent":"Mozilla/5.0 (X11; Linux x86_64) AppleWebKit/537.36 (KHTML, like Gecko) Chrome/142.0.0.0 Safari/537.36","accept":"*/*","sec-ch-ua":"\"Chromium\";v=\"142\", \"Google Chrome\";v=\"142\", \"Not_A Brand\";v=\"99\"","content-type":"application/json","sec-ch-ua-mobile":"?0","origin":"http://localhost:3000","sec-fetch-site":"same-origin","sec-fetch-mode":"cors","sec-fetch-dest":"empty","referer":"http://localhost:3000/api/docs/","accept-encoding":"gzip, deflate, br, zstd","accept-language":"vi-VN,vi;q=0.9,fr-FR;q=0.8,fr;q=0.7,en-US;q=0.6,en;q=0.5","cookie":"g_state={\"i_l\":0,\"i_ll\":1763187459981,\"i_b\":\"bHNUlCxDka/r2HYrnC6+wxBxToNccP2eh8UMq5RLBN0\"}; sid=252fe913b56b4795816e19ee387103a2"}
Response: 500 Internal Server Error; Duration: 24ms
-------------------------------------------------------------------------------------------------------
➡️ [TIME = 2025-11-24T09:02:14.582Z, ID = 01KATHJW1K1JMPE73EGARR3NQW]]
Request: GET /api/docs/
Headers: {"host":"localhost:3000","connection":"keep-alive","cache-control":"max-age=0","sec-ch-ua":"\"Chromium\";v=\"142\", \"Google Chrome\";v=\"142\", \"Not_A Brand\";v=\"99\"","sec-ch-ua-mobile":"?0","sec-ch-ua-platform":"\"Linux\"","upgrade-insecure-requests":"1","user-agent":"Mozilla/5.0 (X11; Linux x86_64) AppleWebKit/537.36 (KHTML, like Gecko) Chrome/142.0.0.0 Safari/537.36","accept":"text/html,application/xhtml+xml,application/xml;q=0.9,image/avif,image/webp,image/apng,*/*;q=0.8,application/signed-exchange;v=b3;q=0.7","sec-fetch-site":"none","sec-fetch-mode":"navigate","sec-fetch-user":"?1","sec-fetch-dest":"document","accept-encoding":"gzip, deflate, br, zstd","accept-language":"vi-VN,vi;q=0.9,fr-FR;q=0.8,fr;q=0.7,en-US;q=0.6,en;q=0.5","cookie":"g_state={\"i_l\":0,\"i_ll\":1763187459981,\"i_b\":\"bHNUlCxDka/r2HYrnC6+wxBxToNccP2eh8UMq5RLBN0\"}; sid=252fe913b56b4795816e19ee387103a2","if-none-match":"W/\"c22-H8FH9nKD8DeX/nvIRrte6ZjP2a4\""}
Response: 304 Not Modified; Duration: 3ms
-------------------------------------------------------------------------------------------------------
➡️ [TIME = 2025-11-24T09:02:14.604Z, ID = 01KATHJW2BT942GB7QP3B3YAZR]]
Request: GET /api/docs/swagger-ui.css
Headers: {"host":"localhost:3000","connection":"keep-alive","sec-ch-ua-platform":"\"Linux\"","user-agent":"Mozilla/5.0 (X11; Linux x86_64) AppleWebKit/537.36 (KHTML, like Gecko) Chrome/142.0.0.0 Safari/537.36","sec-ch-ua":"\"Chromium\";v=\"142\", \"Google Chrome\";v=\"142\", \"Not_A Brand\";v=\"99\"","sec-ch-ua-mobile":"?0","accept":"text/css,*/*;q=0.1","sec-fetch-site":"same-origin","sec-fetch-mode":"no-cors","sec-fetch-dest":"style","referer":"http://localhost:3000/api/docs/","accept-encoding":"gzip, deflate, br, zstd","accept-language":"vi-VN,vi;q=0.9,fr-FR;q=0.8,fr;q=0.7,en-US;q=0.6,en;q=0.5","cookie":"g_state={\"i_l\":0,\"i_ll\":1763187459981,\"i_b\":\"bHNUlCxDka/r2HYrnC6+wxBxToNccP2eh8UMq5RLBN0\"}; sid=252fe913b56b4795816e19ee387103a2","if-none-match":"W/\"25e4c-19ab4bba198\"","if-modified-since":"Mon, 24 Nov 2025 07:19:46 GMT"}
Response: 304 Not Modified; Duration: 1ms
-------------------------------------------------------------------------------------------------------
➡️ [TIME = 2025-11-24T09:02:14.605Z, ID = 01KATHJW2DGKNRTCX4KAGWRE26]]
Request: GET /api/docs/swagger-ui-bundle.js
Headers: {"host":"localhost:3000","connection":"keep-alive","sec-ch-ua-platform":"\"Linux\"","user-agent":"Mozilla/5.0 (X11; Linux x86_64) AppleWebKit/537.36 (KHTML, like Gecko) Chrome/142.0.0.0 Safari/537.36","sec-ch-ua":"\"Chromium\";v=\"142\", \"Google Chrome\";v=\"142\", \"Not_A Brand\";v=\"99\"","sec-ch-ua-mobile":"?0","accept":"*/*","sec-fetch-site":"same-origin","sec-fetch-mode":"no-cors","sec-fetch-dest":"script","referer":"http://localhost:3000/api/docs/","accept-encoding":"gzip, deflate, br, zstd","accept-language":"vi-VN,vi;q=0.9,fr-FR;q=0.8,fr;q=0.7,en-US;q=0.6,en;q=0.5","cookie":"g_state={\"i_l\":0,\"i_ll\":1763187459981,\"i_b\":\"bHNUlCxDka/r2HYrnC6+wxBxToNccP2eh8UMq5RLBN0\"}; sid=252fe913b56b4795816e19ee387103a2","if-none-match":"W/\"170b0f-19ab4bba1ed\"","if-modified-since":"Mon, 24 Nov 2025 07:19:46 GMT"}
Response: 304 Not Modified; Duration: 0ms
-------------------------------------------------------------------------------------------------------
➡️ [TIME = 2025-11-24T09:02:14.606Z, ID = 01KATHJW2EP7BPFSFY0KJDG1T8]]
Request: GET /api/docs/swagger-ui-init.js
Headers: {"host":"localhost:3000","connection":"keep-alive","sec-ch-ua-platform":"\"Linux\"","user-agent":"Mozilla/5.0 (X11; Linux x86_64) AppleWebKit/537.36 (KHTML, like Gecko) Chrome/142.0.0.0 Safari/537.36","sec-ch-ua":"\"Chromium\";v=\"142\", \"Google Chrome\";v=\"142\", \"Not_A Brand\";v=\"99\"","sec-ch-ua-mobile":"?0","accept":"*/*","sec-fetch-site":"same-origin","sec-fetch-mode":"no-cors","sec-fetch-dest":"script","referer":"http://localhost:3000/api/docs/","accept-encoding":"gzip, deflate, br, zstd","accept-language":"vi-VN,vi;q=0.9,fr-FR;q=0.8,fr;q=0.7,en-US;q=0.6,en;q=0.5","cookie":"g_state={\"i_l\":0,\"i_ll\":1763187459981,\"i_b\":\"bHNUlCxDka/r2HYrnC6+wxBxToNccP2eh8UMq5RLBN0\"}; sid=252fe913b56b4795816e19ee387103a2","if-none-match":"W/\"1e75-pT1zJQ+6PL1rBA2uvZJdqhRnrQw\""}
Response: 304 Not Modified; Duration: 0ms
-------------------------------------------------------------------------------------------------------
➡️ [TIME = 2025-11-24T09:02:14.607Z, ID = 01KATHJW2EMWX50B6KEHT8SG3G]]
Request: GET /api/docs/swagger-ui-standalone-preset.js
Headers: {"host":"localhost:3000","connection":"keep-alive","sec-ch-ua-platform":"\"Linux\"","user-agent":"Mozilla/5.0 (X11; Linux x86_64) AppleWebKit/537.36 (KHTML, like Gecko) Chrome/142.0.0.0 Safari/537.36","sec-ch-ua":"\"Chromium\";v=\"142\", \"Google Chrome\";v=\"142\", \"Not_A Brand\";v=\"99\"","sec-ch-ua-mobile":"?0","accept":"*/*","sec-fetch-site":"same-origin","sec-fetch-mode":"no-cors","sec-fetch-dest":"script","referer":"http://localhost:3000/api/docs/","accept-encoding":"gzip, deflate, br, zstd","accept-language":"vi-VN,vi;q=0.9,fr-FR;q=0.8,fr;q=0.7,en-US;q=0.6,en;q=0.5","cookie":"g_state={\"i_l\":0,\"i_ll\":1763187459981,\"i_b\":\"bHNUlCxDka/r2HYrnC6+wxBxToNccP2eh8UMq5RLBN0\"}; sid=252fe913b56b4795816e19ee387103a2","if-none-match":"W/\"3d1df-19ab4bba462\"","if-modified-since":"Mon, 24 Nov 2025 07:19:47 GMT"}
Response: 304 Not Modified; Duration: 1ms
-------------------------------------------------------------------------------------------------------
➡️ [TIME = 2025-11-24T09:02:14.686Z, ID = 01KATHJW4WN6WMH22A6H9F5HP5]]
Request: GET /api/docs/favicon-32x32.png
Headers: {"host":"localhost:3000","connection":"keep-alive","sec-ch-ua-platform":"\"Linux\"","user-agent":"Mozilla/5.0 (X11; Linux x86_64) AppleWebKit/537.36 (KHTML, like Gecko) Chrome/142.0.0.0 Safari/537.36","sec-ch-ua":"\"Chromium\";v=\"142\", \"Google Chrome\";v=\"142\", \"Not_A Brand\";v=\"99\"","sec-ch-ua-mobile":"?0","accept":"image/avif,image/webp,image/apng,image/svg+xml,image/*,*/*;q=0.8","sec-fetch-site":"same-origin","sec-fetch-mode":"no-cors","sec-fetch-dest":"image","referer":"http://localhost:3000/api/docs/","accept-encoding":"gzip, deflate, br, zstd","accept-language":"vi-VN,vi;q=0.9,fr-FR;q=0.8,fr;q=0.7,en-US;q=0.6,en;q=0.5","cookie":"g_state={\"i_l\":0,\"i_ll\":1763187459981,\"i_b\":\"bHNUlCxDka/r2HYrnC6+wxBxToNccP2eh8UMq5RLBN0\"}; sid=252fe913b56b4795816e19ee387103a2","if-none-match":"W/\"274-19ab49ff3dd\"","if-modified-since":"Mon, 24 Nov 2025 06:49:32 GMT"}
Response: 200 OK; Duration: 2ms
-------------------------------------------------------------------------------------------------------
➡️ [TIME = 2025-11-24T09:02:18.319Z, ID = 01KATHJZNMXFPASBE1Y4KRE99W]]
Request: POST /api/users
Headers: {"host":"localhost:3000","connection":"keep-alive","content-length":"62","sec-ch-ua-platform":"\"Linux\"","user-agent":"Mozilla/5.0 (X11; Linux x86_64) AppleWebKit/537.36 (KHTML, like Gecko) Chrome/142.0.0.0 Safari/537.36","accept":"*/*","sec-ch-ua":"\"Chromium\";v=\"142\", \"Google Chrome\";v=\"142\", \"Not_A Brand\";v=\"99\"","content-type":"application/json","sec-ch-ua-mobile":"?0","origin":"http://localhost:3000","sec-fetch-site":"same-origin","sec-fetch-mode":"cors","sec-fetch-dest":"empty","referer":"http://localhost:3000/api/docs/","accept-encoding":"gzip, deflate, br, zstd","accept-language":"vi-VN,vi;q=0.9,fr-FR;q=0.8,fr;q=0.7,en-US;q=0.6,en;q=0.5","cookie":"g_state={\"i_l\":0,\"i_ll\":1763187459981,\"i_b\":\"bHNUlCxDka/r2HYrnC6+wxBxToNccP2eh8UMq5RLBN0\"}; sid=252fe913b56b4795816e19ee387103a2"}
Response: 500 Internal Server Error; Duration: 27ms
-------------------------------------------------------------------------------------------------------
➡️ [TIME = 2025-11-24T09:17:34.492Z, ID = 01KATJEYC129SDYV8TMT03T4EV]]
Request: POST /api/users
Headers: {"host":"localhost:3000","connection":"keep-alive","content-length":"62","sec-ch-ua-platform":"\"Linux\"","user-agent":"Mozilla/5.0 (X11; Linux x86_64) AppleWebKit/537.36 (KHTML, like Gecko) Chrome/142.0.0.0 Safari/537.36","accept":"*/*","sec-ch-ua":"\"Chromium\";v=\"142\", \"Google Chrome\";v=\"142\", \"Not_A Brand\";v=\"99\"","content-type":"application/json","sec-ch-ua-mobile":"?0","origin":"http://localhost:3000","sec-fetch-site":"same-origin","sec-fetch-mode":"cors","sec-fetch-dest":"empty","referer":"http://localhost:3000/api/docs/","accept-encoding":"gzip, deflate, br, zstd","accept-language":"vi-VN,vi;q=0.9,fr-FR;q=0.8,fr;q=0.7,en-US;q=0.6,en;q=0.5","cookie":"g_state={\"i_l\":0,\"i_ll\":1763187459981,\"i_b\":\"bHNUlCxDka/r2HYrnC6+wxBxToNccP2eh8UMq5RLBN0\"}; sid=252fe913b56b4795816e19ee387103a2"}
Response: 500 Internal Server Error; Duration: 27ms
-------------------------------------------------------------------------------------------------------
➡️ [TIME = 2025-11-24T09:18:17.109Z, ID = 01KATJFW9HA24MA135PPJRGZKW]]
Request: POST /api/users
Headers: {"host":"localhost:3000","connection":"keep-alive","content-length":"62","sec-ch-ua-platform":"\"Linux\"","user-agent":"Mozilla/5.0 (X11; Linux x86_64) AppleWebKit/537.36 (KHTML, like Gecko) Chrome/142.0.0.0 Safari/537.36","accept":"*/*","sec-ch-ua":"\"Chromium\";v=\"142\", \"Google Chrome\";v=\"142\", \"Not_A Brand\";v=\"99\"","content-type":"application/json","sec-ch-ua-mobile":"?0","origin":"http://localhost:3000","sec-fetch-site":"same-origin","sec-fetch-mode":"cors","sec-fetch-dest":"empty","referer":"http://localhost:3000/api/docs/","accept-encoding":"gzip, deflate, br, zstd","accept-language":"vi-VN,vi;q=0.9,fr-FR;q=0.8,fr;q=0.7,en-US;q=0.6,en;q=0.5","cookie":"g_state={\"i_l\":0,\"i_ll\":1763187459981,\"i_b\":\"bHNUlCxDka/r2HYrnC6+wxBxToNccP2eh8UMq5RLBN0\"}; sid=252fe913b56b4795816e19ee387103a2"}
Response: 500 Internal Server Error; Duration: 12004ms
-------------------------------------------------------------------------------------------------------
➡️ [TIME = 2025-11-24T10:10:06.071Z, ID = 01KATNF43M0PNFK9D0TT5TJVNK]]
Request: GET /api/docs/
Headers: {"host":"localhost:3000","connection":"keep-alive","upgrade-insecure-requests":"1","user-agent":"Mozilla/5.0 (X11; Linux x86_64) AppleWebKit/537.36 (KHTML, like Gecko) Chrome/142.0.0.0 Safari/537.36","accept":"text/html,application/xhtml+xml,application/xml;q=0.9,image/avif,image/webp,image/apng,*/*;q=0.8,application/signed-exchange;v=b3;q=0.7","sec-fetch-site":"none","sec-fetch-mode":"navigate","sec-fetch-user":"?1","sec-fetch-dest":"document","sec-ch-ua":"\"Chromium\";v=\"142\", \"Google Chrome\";v=\"142\", \"Not_A Brand\";v=\"99\"","sec-ch-ua-mobile":"?0","sec-ch-ua-platform":"\"Linux\"","accept-encoding":"gzip, deflate, br, zstd","accept-language":"vi-VN,vi;q=0.9,fr-FR;q=0.8,fr;q=0.7,en-US;q=0.6,en;q=0.5","cookie":"g_state={\"i_l\":0,\"i_ll\":1763187459981,\"i_b\":\"bHNUlCxDka/r2HYrnC6+wxBxToNccP2eh8UMq5RLBN0\"}; sid=252fe913b56b4795816e19ee387103a2","if-none-match":"W/\"c22-H8FH9nKD8DeX/nvIRrte6ZjP2a4\""}
Response: 304 Not Modified; Duration: 3ms
-------------------------------------------------------------------------------------------------------
➡️ [TIME = 2025-11-24T10:10:06.093Z, ID = 01KATNF44BS8BD5C2Z1FAEPDPJ]]
Request: GET /api/docs/swagger-ui.css
Headers: {"host":"localhost:3000","connection":"keep-alive","sec-ch-ua-platform":"\"Linux\"","user-agent":"Mozilla/5.0 (X11; Linux x86_64) AppleWebKit/537.36 (KHTML, like Gecko) Chrome/142.0.0.0 Safari/537.36","sec-ch-ua":"\"Chromium\";v=\"142\", \"Google Chrome\";v=\"142\", \"Not_A Brand\";v=\"99\"","sec-ch-ua-mobile":"?0","accept":"text/css,*/*;q=0.1","sec-fetch-site":"same-origin","sec-fetch-mode":"no-cors","sec-fetch-dest":"style","referer":"http://localhost:3000/api/docs/","accept-encoding":"gzip, deflate, br, zstd","accept-language":"vi-VN,vi;q=0.9,fr-FR;q=0.8,fr;q=0.7,en-US;q=0.6,en;q=0.5","cookie":"g_state={\"i_l\":0,\"i_ll\":1763187459981,\"i_b\":\"bHNUlCxDka/r2HYrnC6+wxBxToNccP2eh8UMq5RLBN0\"}; sid=252fe913b56b4795816e19ee387103a2","if-none-match":"W/\"25e4c-19ab4bba198\"","if-modified-since":"Mon, 24 Nov 2025 07:19:46 GMT"}
Response: 304 Not Modified; Duration: 2ms
-------------------------------------------------------------------------------------------------------
➡️ [TIME = 2025-11-24T10:10:06.094Z, ID = 01KATNF44DVDMP4RGHCKBC6JRP]]
Request: GET /api/docs/swagger-ui-bundle.js
Headers: {"host":"localhost:3000","connection":"keep-alive","sec-ch-ua-platform":"\"Linux\"","user-agent":"Mozilla/5.0 (X11; Linux x86_64) AppleWebKit/537.36 (KHTML, like Gecko) Chrome/142.0.0.0 Safari/537.36","sec-ch-ua":"\"Chromium\";v=\"142\", \"Google Chrome\";v=\"142\", \"Not_A Brand\";v=\"99\"","sec-ch-ua-mobile":"?0","accept":"*/*","sec-fetch-site":"same-origin","sec-fetch-mode":"no-cors","sec-fetch-dest":"script","referer":"http://localhost:3000/api/docs/","accept-encoding":"gzip, deflate, br, zstd","accept-language":"vi-VN,vi;q=0.9,fr-FR;q=0.8,fr;q=0.7,en-US;q=0.6,en;q=0.5","cookie":"g_state={\"i_l\":0,\"i_ll\":1763187459981,\"i_b\":\"bHNUlCxDka/r2HYrnC6+wxBxToNccP2eh8UMq5RLBN0\"}; sid=252fe913b56b4795816e19ee387103a2","if-none-match":"W/\"170b0f-19ab4bba1ed\"","if-modified-since":"Mon, 24 Nov 2025 07:19:46 GMT"}
Response: 304 Not Modified; Duration: 1ms
-------------------------------------------------------------------------------------------------------
➡️ [TIME = 2025-11-24T10:10:06.094Z, ID = 01KATNF44ES8CC3F9RQB72X825]]
Request: GET /api/docs/swagger-ui-standalone-preset.js
Headers: {"host":"localhost:3000","connection":"keep-alive","sec-ch-ua-platform":"\"Linux\"","user-agent":"Mozilla/5.0 (X11; Linux x86_64) AppleWebKit/537.36 (KHTML, like Gecko) Chrome/142.0.0.0 Safari/537.36","sec-ch-ua":"\"Chromium\";v=\"142\", \"Google Chrome\";v=\"142\", \"Not_A Brand\";v=\"99\"","sec-ch-ua-mobile":"?0","accept":"*/*","sec-fetch-site":"same-origin","sec-fetch-mode":"no-cors","sec-fetch-dest":"script","referer":"http://localhost:3000/api/docs/","accept-encoding":"gzip, deflate, br, zstd","accept-language":"vi-VN,vi;q=0.9,fr-FR;q=0.8,fr;q=0.7,en-US;q=0.6,en;q=0.5","cookie":"g_state={\"i_l\":0,\"i_ll\":1763187459981,\"i_b\":\"bHNUlCxDka/r2HYrnC6+wxBxToNccP2eh8UMq5RLBN0\"}; sid=252fe913b56b4795816e19ee387103a2","if-none-match":"W/\"3d1df-19ab4bba462\"","if-modified-since":"Mon, 24 Nov 2025 07:19:47 GMT"}
Response: 304 Not Modified; Duration: 0ms
-------------------------------------------------------------------------------------------------------
➡️ [TIME = 2025-11-24T10:10:06.095Z, ID = 01KATNF44F5CN097RDV52MJEB3]]
Request: GET /api/docs/swagger-ui-init.js
Headers: {"host":"localhost:3000","connection":"keep-alive","sec-ch-ua-platform":"\"Linux\"","user-agent":"Mozilla/5.0 (X11; Linux x86_64) AppleWebKit/537.36 (KHTML, like Gecko) Chrome/142.0.0.0 Safari/537.36","sec-ch-ua":"\"Chromium\";v=\"142\", \"Google Chrome\";v=\"142\", \"Not_A Brand\";v=\"99\"","sec-ch-ua-mobile":"?0","accept":"*/*","sec-fetch-site":"same-origin","sec-fetch-mode":"no-cors","sec-fetch-dest":"script","referer":"http://localhost:3000/api/docs/","accept-encoding":"gzip, deflate, br, zstd","accept-language":"vi-VN,vi;q=0.9,fr-FR;q=0.8,fr;q=0.7,en-US;q=0.6,en;q=0.5","cookie":"g_state={\"i_l\":0,\"i_ll\":1763187459981,\"i_b\":\"bHNUlCxDka/r2HYrnC6+wxBxToNccP2eh8UMq5RLBN0\"}; sid=252fe913b56b4795816e19ee387103a2","if-none-match":"W/\"1e75-pT1zJQ+6PL1rBA2uvZJdqhRnrQw\""}
Response: 304 Not Modified; Duration: 0ms
-------------------------------------------------------------------------------------------------------
➡️ [TIME = 2025-11-24T10:10:06.176Z, ID = 01KATNF46ZHF0HQ8EMJ9VKVZC2]]
Request: GET /api/docs/favicon-32x32.png
Headers: {"host":"localhost:3000","connection":"keep-alive","sec-ch-ua-platform":"\"Linux\"","user-agent":"Mozilla/5.0 (X11; Linux x86_64) AppleWebKit/537.36 (KHTML, like Gecko) Chrome/142.0.0.0 Safari/537.36","sec-ch-ua":"\"Chromium\";v=\"142\", \"Google Chrome\";v=\"142\", \"Not_A Brand\";v=\"99\"","sec-ch-ua-mobile":"?0","accept":"image/avif,image/webp,image/apng,image/svg+xml,image/*,*/*;q=0.8","sec-fetch-site":"same-origin","sec-fetch-mode":"no-cors","sec-fetch-dest":"image","referer":"http://localhost:3000/api/docs/","accept-encoding":"gzip, deflate, br, zstd","accept-language":"vi-VN,vi;q=0.9,fr-FR;q=0.8,fr;q=0.7,en-US;q=0.6,en;q=0.5","cookie":"g_state={\"i_l\":0,\"i_ll\":1763187459981,\"i_b\":\"bHNUlCxDka/r2HYrnC6+wxBxToNccP2eh8UMq5RLBN0\"}; sid=252fe913b56b4795816e19ee387103a2","if-none-match":"W/\"274-19ab4bba702\"","if-modified-since":"Mon, 24 Nov 2025 07:19:48 GMT"}
Response: 304 Not Modified; Duration: 1ms
-------------------------------------------------------------------------------------------------------
➡️ [TIME = 2025-11-24T10:10:11.186Z, ID = 01KATNF925HKAMCKS52KJDWSDQ]]
Request: POST /api/users
Headers: {"host":"localhost:3000","connection":"keep-alive","content-length":"62","sec-ch-ua-platform":"\"Linux\"","user-agent":"Mozilla/5.0 (X11; Linux x86_64) AppleWebKit/537.36 (KHTML, like Gecko) Chrome/142.0.0.0 Safari/537.36","accept":"*/*","sec-ch-ua":"\"Chromium\";v=\"142\", \"Google Chrome\";v=\"142\", \"Not_A Brand\";v=\"99\"","content-type":"application/json","sec-ch-ua-mobile":"?0","origin":"http://localhost:3000","sec-fetch-site":"same-origin","sec-fetch-mode":"cors","sec-fetch-dest":"empty","referer":"http://localhost:3000/api/docs/","accept-encoding":"gzip, deflate, br, zstd","accept-language":"vi-VN,vi;q=0.9,fr-FR;q=0.8,fr;q=0.7,en-US;q=0.6,en;q=0.5","cookie":"g_state={\"i_l\":0,\"i_ll\":1763187459981,\"i_b\":\"bHNUlCxDka/r2HYrnC6+wxBxToNccP2eh8UMq5RLBN0\"}; sid=252fe913b56b4795816e19ee387103a2"}
Response: 201 Created; Duration: 45ms
-------------------------------------------------------------------------------------------------------
➡️ [TIME = 2025-11-24T10:46:38.375Z, ID = 01KATQJ114T8F955JAVEPBRDRH]]
Request: GET /api/docs/
Headers: {"host":"localhost:3000","connection":"keep-alive","cache-control":"max-age=0","sec-ch-ua":"\"Chromium\";v=\"142\", \"Google Chrome\";v=\"142\", \"Not_A Brand\";v=\"99\"","sec-ch-ua-mobile":"?0","sec-ch-ua-platform":"\"Linux\"","upgrade-insecure-requests":"1","user-agent":"Mozilla/5.0 (X11; Linux x86_64) AppleWebKit/537.36 (KHTML, like Gecko) Chrome/142.0.0.0 Safari/537.36","accept":"text/html,application/xhtml+xml,application/xml;q=0.9,image/avif,image/webp,image/apng,*/*;q=0.8,application/signed-exchange;v=b3;q=0.7","sec-fetch-site":"same-origin","sec-fetch-mode":"navigate","sec-fetch-user":"?1","sec-fetch-dest":"document","accept-encoding":"gzip, deflate, br, zstd","accept-language":"vi-VN,vi;q=0.9,fr-FR;q=0.8,fr;q=0.7,en-US;q=0.6,en;q=0.5","cookie":"g_state={\"i_l\":0,\"i_ll\":1763187459981,\"i_b\":\"bHNUlCxDka/r2HYrnC6+wxBxToNccP2eh8UMq5RLBN0\"}; sid=252fe913b56b4795816e19ee387103a2","if-none-match":"W/\"c22-H8FH9nKD8DeX/nvIRrte6ZjP2a4\""}
Response: 304 Not Modified; Duration: 3ms
-------------------------------------------------------------------------------------------------------
➡️ [TIME = 2025-11-24T10:46:38.400Z, ID = 01KATQJ11XA18XMWCHPJJP2CSK]]
Request: GET /api/docs/swagger-ui.css
Headers: {"host":"localhost:3000","connection":"keep-alive","sec-ch-ua-platform":"\"Linux\"","user-agent":"Mozilla/5.0 (X11; Linux x86_64) AppleWebKit/537.36 (KHTML, like Gecko) Chrome/142.0.0.0 Safari/537.36","sec-ch-ua":"\"Chromium\";v=\"142\", \"Google Chrome\";v=\"142\", \"Not_A Brand\";v=\"99\"","sec-ch-ua-mobile":"?0","accept":"text/css,*/*;q=0.1","sec-fetch-site":"same-origin","sec-fetch-mode":"no-cors","sec-fetch-dest":"style","referer":"http://localhost:3000/api/docs/","accept-encoding":"gzip, deflate, br, zstd","accept-language":"vi-VN,vi;q=0.9,fr-FR;q=0.8,fr;q=0.7,en-US;q=0.6,en;q=0.5","cookie":"g_state={\"i_l\":0,\"i_ll\":1763187459981,\"i_b\":\"bHNUlCxDka/r2HYrnC6+wxBxToNccP2eh8UMq5RLBN0\"}; sid=252fe913b56b4795816e19ee387103a2","if-none-match":"W/\"25e4c-19ab4bba198\"","if-modified-since":"Mon, 24 Nov 2025 07:19:46 GMT"}
Response: 304 Not Modified; Duration: 3ms
-------------------------------------------------------------------------------------------------------
➡️ [TIME = 2025-11-24T10:46:38.401Z, ID = 01KATQJ120JXJRSJCCD6V4ABSG]]
Request: GET /api/docs/swagger-ui-bundle.js
Headers: {"host":"localhost:3000","connection":"keep-alive","sec-ch-ua-platform":"\"Linux\"","user-agent":"Mozilla/5.0 (X11; Linux x86_64) AppleWebKit/537.36 (KHTML, like Gecko) Chrome/142.0.0.0 Safari/537.36","sec-ch-ua":"\"Chromium\";v=\"142\", \"Google Chrome\";v=\"142\", \"Not_A Brand\";v=\"99\"","sec-ch-ua-mobile":"?0","accept":"*/*","sec-fetch-site":"same-origin","sec-fetch-mode":"no-cors","sec-fetch-dest":"script","referer":"http://localhost:3000/api/docs/","accept-encoding":"gzip, deflate, br, zstd","accept-language":"vi-VN,vi;q=0.9,fr-FR;q=0.8,fr;q=0.7,en-US;q=0.6,en;q=0.5","cookie":"g_state={\"i_l\":0,\"i_ll\":1763187459981,\"i_b\":\"bHNUlCxDka/r2HYrnC6+wxBxToNccP2eh8UMq5RLBN0\"}; sid=252fe913b56b4795816e19ee387103a2","if-none-match":"W/\"170b0f-19ab4bba1ed\"","if-modified-since":"Mon, 24 Nov 2025 07:19:46 GMT"}
Response: 304 Not Modified; Duration: 1ms
-------------------------------------------------------------------------------------------------------
➡️ [TIME = 2025-11-24T10:46:38.402Z, ID = 01KATQJ121DHMA8XR92V9WBYNH]]
Request: GET /api/docs/swagger-ui-standalone-preset.js
Headers: {"host":"localhost:3000","connection":"keep-alive","sec-ch-ua-platform":"\"Linux\"","user-agent":"Mozilla/5.0 (X11; Linux x86_64) AppleWebKit/537.36 (KHTML, like Gecko) Chrome/142.0.0.0 Safari/537.36","sec-ch-ua":"\"Chromium\";v=\"142\", \"Google Chrome\";v=\"142\", \"Not_A Brand\";v=\"99\"","sec-ch-ua-mobile":"?0","accept":"*/*","sec-fetch-site":"same-origin","sec-fetch-mode":"no-cors","sec-fetch-dest":"script","referer":"http://localhost:3000/api/docs/","accept-encoding":"gzip, deflate, br, zstd","accept-language":"vi-VN,vi;q=0.9,fr-FR;q=0.8,fr;q=0.7,en-US;q=0.6,en;q=0.5","cookie":"g_state={\"i_l\":0,\"i_ll\":1763187459981,\"i_b\":\"bHNUlCxDka/r2HYrnC6+wxBxToNccP2eh8UMq5RLBN0\"}; sid=252fe913b56b4795816e19ee387103a2","if-none-match":"W/\"3d1df-19ab4bba462\"","if-modified-since":"Mon, 24 Nov 2025 07:19:47 GMT"}
Response: 304 Not Modified; Duration: 1ms
-------------------------------------------------------------------------------------------------------
➡️ [TIME = 2025-11-24T10:46:38.403Z, ID = 01KATQJ122PZJGV0T4VTW1B7FH]]
Request: GET /api/docs/swagger-ui-init.js
Headers: {"host":"localhost:3000","connection":"keep-alive","sec-ch-ua-platform":"\"Linux\"","user-agent":"Mozilla/5.0 (X11; Linux x86_64) AppleWebKit/537.36 (KHTML, like Gecko) Chrome/142.0.0.0 Safari/537.36","sec-ch-ua":"\"Chromium\";v=\"142\", \"Google Chrome\";v=\"142\", \"Not_A Brand\";v=\"99\"","sec-ch-ua-mobile":"?0","accept":"*/*","sec-fetch-site":"same-origin","sec-fetch-mode":"no-cors","sec-fetch-dest":"script","referer":"http://localhost:3000/api/docs/","accept-encoding":"gzip, deflate, br, zstd","accept-language":"vi-VN,vi;q=0.9,fr-FR;q=0.8,fr;q=0.7,en-US;q=0.6,en;q=0.5","cookie":"g_state={\"i_l\":0,\"i_ll\":1763187459981,\"i_b\":\"bHNUlCxDka/r2HYrnC6+wxBxToNccP2eh8UMq5RLBN0\"}; sid=252fe913b56b4795816e19ee387103a2","if-none-match":"W/\"1e75-pT1zJQ+6PL1rBA2uvZJdqhRnrQw\""}
Response: 200 OK; Duration: 1ms
-------------------------------------------------------------------------------------------------------
➡️ [TIME = 2025-11-24T10:46:38.498Z, ID = 01KATQJ151KAH4MVS1RV0QBHWX]]
Request: GET /api/docs/favicon-32x32.png
Headers: {"host":"localhost:3000","connection":"keep-alive","sec-ch-ua-platform":"\"Linux\"","user-agent":"Mozilla/5.0 (X11; Linux x86_64) AppleWebKit/537.36 (KHTML, like Gecko) Chrome/142.0.0.0 Safari/537.36","sec-ch-ua":"\"Chromium\";v=\"142\", \"Google Chrome\";v=\"142\", \"Not_A Brand\";v=\"99\"","sec-ch-ua-mobile":"?0","accept":"image/avif,image/webp,image/apng,image/svg+xml,image/*,*/*;q=0.8","sec-fetch-site":"same-origin","sec-fetch-mode":"no-cors","sec-fetch-dest":"image","referer":"http://localhost:3000/api/docs/","accept-encoding":"gzip, deflate, br, zstd","accept-language":"vi-VN,vi;q=0.9,fr-FR;q=0.8,fr;q=0.7,en-US;q=0.6,en;q=0.5","cookie":"g_state={\"i_l\":0,\"i_ll\":1763187459981,\"i_b\":\"bHNUlCxDka/r2HYrnC6+wxBxToNccP2eh8UMq5RLBN0\"}; sid=252fe913b56b4795816e19ee387103a2","if-none-match":"W/\"274-19ab4bba702\"","if-modified-since":"Mon, 24 Nov 2025 07:19:48 GMT"}
Response: 304 Not Modified; Duration: 1ms
-------------------------------------------------------------------------------------------------------
➡️ [TIME = 2025-11-24T10:47:27.160Z, ID = 01KATQKGNQGNTC499PPA0VRWNG]]
Request: GET /api/docs/
Headers: {"host":"localhost:3000","connection":"keep-alive","cache-control":"max-age=0","sec-ch-ua":"\"Chromium\";v=\"142\", \"Google Chrome\";v=\"142\", \"Not_A Brand\";v=\"99\"","sec-ch-ua-mobile":"?0","sec-ch-ua-platform":"\"Linux\"","upgrade-insecure-requests":"1","user-agent":"Mozilla/5.0 (X11; Linux x86_64) AppleWebKit/537.36 (KHTML, like Gecko) Chrome/142.0.0.0 Safari/537.36","accept":"text/html,application/xhtml+xml,application/xml;q=0.9,image/avif,image/webp,image/apng,*/*;q=0.8,application/signed-exchange;v=b3;q=0.7","sec-fetch-site":"same-origin","sec-fetch-mode":"navigate","sec-fetch-user":"?1","sec-fetch-dest":"document","accept-encoding":"gzip, deflate, br, zstd","accept-language":"vi-VN,vi;q=0.9,fr-FR;q=0.8,fr;q=0.7,en-US;q=0.6,en;q=0.5","cookie":"g_state={\"i_l\":0,\"i_ll\":1763187459981,\"i_b\":\"bHNUlCxDka/r2HYrnC6+wxBxToNccP2eh8UMq5RLBN0\"}; sid=252fe913b56b4795816e19ee387103a2","if-none-match":"W/\"c22-H8FH9nKD8DeX/nvIRrte6ZjP2a4\""}
Response: 304 Not Modified; Duration: 1ms
-------------------------------------------------------------------------------------------------------
➡️ [TIME = 2025-11-24T10:47:27.185Z, ID = 01KATQKGPGK43H0W3CZYV1FM9K]]
Request: GET /api/docs/swagger-ui.css
Headers: {"host":"localhost:3000","connection":"keep-alive","sec-ch-ua-platform":"\"Linux\"","if-none-match":"W/\"25e4c-19ab4bba198\"","user-agent":"Mozilla/5.0 (X11; Linux x86_64) AppleWebKit/537.36 (KHTML, like Gecko) Chrome/142.0.0.0 Safari/537.36","sec-ch-ua":"\"Chromium\";v=\"142\", \"Google Chrome\";v=\"142\", \"Not_A Brand\";v=\"99\"","if-modified-since":"Mon, 24 Nov 2025 07:19:46 GMT","sec-ch-ua-mobile":"?0","accept":"text/css,*/*;q=0.1","sec-fetch-site":"same-origin","sec-fetch-mode":"no-cors","sec-fetch-dest":"style","referer":"http://localhost:3000/api/docs/","accept-encoding":"gzip, deflate, br, zstd","accept-language":"vi-VN,vi;q=0.9,fr-FR;q=0.8,fr;q=0.7,en-US;q=0.6,en;q=0.5","cookie":"g_state={\"i_l\":0,\"i_ll\":1763187459981,\"i_b\":\"bHNUlCxDka/r2HYrnC6+wxBxToNccP2eh8UMq5RLBN0\"}; sid=252fe913b56b4795816e19ee387103a2"}
Response: 304 Not Modified; Duration: 1ms
-------------------------------------------------------------------------------------------------------
➡️ [TIME = 2025-11-24T10:47:27.187Z, ID = 01KATQKGPJZNBPJ1S6FJS59H85]]
Request: GET /api/docs/swagger-ui-bundle.js
Headers: {"host":"localhost:3000","connection":"keep-alive","sec-ch-ua-platform":"\"Linux\"","if-none-match":"W/\"170b0f-19ab4bba1ed\"","user-agent":"Mozilla/5.0 (X11; Linux x86_64) AppleWebKit/537.36 (KHTML, like Gecko) Chrome/142.0.0.0 Safari/537.36","sec-ch-ua":"\"Chromium\";v=\"142\", \"Google Chrome\";v=\"142\", \"Not_A Brand\";v=\"99\"","if-modified-since":"Mon, 24 Nov 2025 07:19:46 GMT","sec-ch-ua-mobile":"?0","accept":"*/*","sec-fetch-site":"same-origin","sec-fetch-mode":"no-cors","sec-fetch-dest":"script","referer":"http://localhost:3000/api/docs/","accept-encoding":"gzip, deflate, br, zstd","accept-language":"vi-VN,vi;q=0.9,fr-FR;q=0.8,fr;q=0.7,en-US;q=0.6,en;q=0.5","cookie":"g_state={\"i_l\":0,\"i_ll\":1763187459981,\"i_b\":\"bHNUlCxDka/r2HYrnC6+wxBxToNccP2eh8UMq5RLBN0\"}; sid=252fe913b56b4795816e19ee387103a2"}
Response: 304 Not Modified; Duration: 1ms
-------------------------------------------------------------------------------------------------------
➡️ [TIME = 2025-11-24T10:47:27.188Z, ID = 01KATQKGPK16QFTZNFJWY72VS8]]
Request: GET /api/docs/swagger-ui-standalone-preset.js
Headers: {"host":"localhost:3000","connection":"keep-alive","sec-ch-ua-platform":"\"Linux\"","if-none-match":"W/\"3d1df-19ab4bba462\"","user-agent":"Mozilla/5.0 (X11; Linux x86_64) AppleWebKit/537.36 (KHTML, like Gecko) Chrome/142.0.0.0 Safari/537.36","sec-ch-ua":"\"Chromium\";v=\"142\", \"Google Chrome\";v=\"142\", \"Not_A Brand\";v=\"99\"","if-modified-since":"Mon, 24 Nov 2025 07:19:47 GMT","sec-ch-ua-mobile":"?0","accept":"*/*","sec-fetch-site":"same-origin","sec-fetch-mode":"no-cors","sec-fetch-dest":"script","referer":"http://localhost:3000/api/docs/","accept-encoding":"gzip, deflate, br, zstd","accept-language":"vi-VN,vi;q=0.9,fr-FR;q=0.8,fr;q=0.7,en-US;q=0.6,en;q=0.5","cookie":"g_state={\"i_l\":0,\"i_ll\":1763187459981,\"i_b\":\"bHNUlCxDka/r2HYrnC6+wxBxToNccP2eh8UMq5RLBN0\"}; sid=252fe913b56b4795816e19ee387103a2"}
Response: 304 Not Modified; Duration: 1ms
-------------------------------------------------------------------------------------------------------
➡️ [TIME = 2025-11-24T10:47:27.188Z, ID = 01KATQKGPM8XQBH7WAJ3A0DBM8]]
Request: GET /api/docs/swagger-ui-init.js
Headers: {"host":"localhost:3000","connection":"keep-alive","sec-ch-ua-platform":"\"Linux\"","if-none-match":"W/\"281d-Mp36ZDc9cjC3hf7X7l4EBwaWMjU\"","user-agent":"Mozilla/5.0 (X11; Linux x86_64) AppleWebKit/537.36 (KHTML, like Gecko) Chrome/142.0.0.0 Safari/537.36","sec-ch-ua":"\"Chromium\";v=\"142\", \"Google Chrome\";v=\"142\", \"Not_A Brand\";v=\"99\"","sec-ch-ua-mobile":"?0","accept":"*/*","sec-fetch-site":"same-origin","sec-fetch-mode":"no-cors","sec-fetch-dest":"script","referer":"http://localhost:3000/api/docs/","accept-encoding":"gzip, deflate, br, zstd","accept-language":"vi-VN,vi;q=0.9,fr-FR;q=0.8,fr;q=0.7,en-US;q=0.6,en;q=0.5","cookie":"g_state={\"i_l\":0,\"i_ll\":1763187459981,\"i_b\":\"bHNUlCxDka/r2HYrnC6+wxBxToNccP2eh8UMq5RLBN0\"}; sid=252fe913b56b4795816e19ee387103a2"}
Response: 304 Not Modified; Duration: 0ms
-------------------------------------------------------------------------------------------------------
➡️ [TIME = 2025-11-24T10:47:27.260Z, ID = 01KATQKGRVH67X1KX27CTMCHGR]]
Request: GET /api/docs/favicon-32x32.png
Headers: {"host":"localhost:3000","connection":"keep-alive","sec-ch-ua-platform":"\"Linux\"","user-agent":"Mozilla/5.0 (X11; Linux x86_64) AppleWebKit/537.36 (KHTML, like Gecko) Chrome/142.0.0.0 Safari/537.36","sec-ch-ua":"\"Chromium\";v=\"142\", \"Google Chrome\";v=\"142\", \"Not_A Brand\";v=\"99\"","sec-ch-ua-mobile":"?0","accept":"image/avif,image/webp,image/apng,image/svg+xml,image/*,*/*;q=0.8","sec-fetch-site":"same-origin","sec-fetch-mode":"no-cors","sec-fetch-dest":"image","referer":"http://localhost:3000/api/docs/","accept-encoding":"gzip, deflate, br, zstd","accept-language":"vi-VN,vi;q=0.9,fr-FR;q=0.8,fr;q=0.7,en-US;q=0.6,en;q=0.5","cookie":"g_state={\"i_l\":0,\"i_ll\":1763187459981,\"i_b\":\"bHNUlCxDka/r2HYrnC6+wxBxToNccP2eh8UMq5RLBN0\"}; sid=252fe913b56b4795816e19ee387103a2","if-none-match":"W/\"274-19ab4bba702\"","if-modified-since":"Mon, 24 Nov 2025 07:19:48 GMT"}
Response: 304 Not Modified; Duration: 1ms
-------------------------------------------------------------------------------------------------------
➡️ [TIME = 2025-11-24T10:48:32.434Z, ID = 01KATQNGDFTGQEZYN3W6FJKFQJ]]
Request: GET /api/docs/
Headers: {"host":"localhost:3000","connection":"keep-alive","cache-control":"max-age=0","sec-ch-ua":"\"Chromium\";v=\"142\", \"Google Chrome\";v=\"142\", \"Not_A Brand\";v=\"99\"","sec-ch-ua-mobile":"?0","sec-ch-ua-platform":"\"Linux\"","upgrade-insecure-requests":"1","user-agent":"Mozilla/5.0 (X11; Linux x86_64) AppleWebKit/537.36 (KHTML, like Gecko) Chrome/142.0.0.0 Safari/537.36","accept":"text/html,application/xhtml+xml,application/xml;q=0.9,image/avif,image/webp,image/apng,*/*;q=0.8,application/signed-exchange;v=b3;q=0.7","sec-fetch-site":"same-origin","sec-fetch-mode":"navigate","sec-fetch-user":"?1","sec-fetch-dest":"document","accept-encoding":"gzip, deflate, br, zstd","accept-language":"vi-VN,vi;q=0.9,fr-FR;q=0.8,fr;q=0.7,en-US;q=0.6,en;q=0.5","cookie":"g_state={\"i_l\":0,\"i_ll\":1763187459981,\"i_b\":\"bHNUlCxDka/r2HYrnC6+wxBxToNccP2eh8UMq5RLBN0\"}; sid=252fe913b56b4795816e19ee387103a2","if-none-match":"W/\"c22-H8FH9nKD8DeX/nvIRrte6ZjP2a4\""}
Response: 304 Not Modified; Duration: 3ms
-------------------------------------------------------------------------------------------------------
➡️ [TIME = 2025-11-24T10:48:32.460Z, ID = 01KATQNGEAY5JWD477SPCRE3RR]]
Request: GET /api/docs/swagger-ui.css
Headers: {"host":"localhost:3000","connection":"keep-alive","sec-ch-ua-platform":"\"Linux\"","user-agent":"Mozilla/5.0 (X11; Linux x86_64) AppleWebKit/537.36 (KHTML, like Gecko) Chrome/142.0.0.0 Safari/537.36","sec-ch-ua":"\"Chromium\";v=\"142\", \"Google Chrome\";v=\"142\", \"Not_A Brand\";v=\"99\"","sec-ch-ua-mobile":"?0","accept":"text/css,*/*;q=0.1","sec-fetch-site":"same-origin","sec-fetch-mode":"no-cors","sec-fetch-dest":"style","referer":"http://localhost:3000/api/docs/","accept-encoding":"gzip, deflate, br, zstd","accept-language":"vi-VN,vi;q=0.9,fr-FR;q=0.8,fr;q=0.7,en-US;q=0.6,en;q=0.5","cookie":"g_state={\"i_l\":0,\"i_ll\":1763187459981,\"i_b\":\"bHNUlCxDka/r2HYrnC6+wxBxToNccP2eh8UMq5RLBN0\"}; sid=252fe913b56b4795816e19ee387103a2","if-none-match":"W/\"25e4c-19ab4bba198\"","if-modified-since":"Mon, 24 Nov 2025 07:19:46 GMT"}
Response: 304 Not Modified; Duration: 2ms
-------------------------------------------------------------------------------------------------------
➡️ [TIME = 2025-11-24T10:48:32.463Z, ID = 01KATQNGEDB6PJZ2WSR9H4HQF3]]
Request: GET /api/docs/swagger-ui-standalone-preset.js
Headers: {"host":"localhost:3000","connection":"keep-alive","sec-ch-ua-platform":"\"Linux\"","user-agent":"Mozilla/5.0 (X11; Linux x86_64) AppleWebKit/537.36 (KHTML, like Gecko) Chrome/142.0.0.0 Safari/537.36","sec-ch-ua":"\"Chromium\";v=\"142\", \"Google Chrome\";v=\"142\", \"Not_A Brand\";v=\"99\"","sec-ch-ua-mobile":"?0","accept":"*/*","sec-fetch-site":"same-origin","sec-fetch-mode":"no-cors","sec-fetch-dest":"script","referer":"http://localhost:3000/api/docs/","accept-encoding":"gzip, deflate, br, zstd","accept-language":"vi-VN,vi;q=0.9,fr-FR;q=0.8,fr;q=0.7,en-US;q=0.6,en;q=0.5","cookie":"g_state={\"i_l\":0,\"i_ll\":1763187459981,\"i_b\":\"bHNUlCxDka/r2HYrnC6+wxBxToNccP2eh8UMq5RLBN0\"}; sid=252fe913b56b4795816e19ee387103a2","if-none-match":"W/\"3d1df-19ab4bba462\"","if-modified-since":"Mon, 24 Nov 2025 07:19:47 GMT"}
Response: 304 Not Modified; Duration: 2ms
-------------------------------------------------------------------------------------------------------
➡️ [TIME = 2025-11-24T10:48:32.464Z, ID = 01KATQNGEE1KR61EZJPWHH4WZQ]]
Request: GET /api/docs/swagger-ui-bundle.js
Headers: {"host":"localhost:3000","connection":"keep-alive","sec-ch-ua-platform":"\"Linux\"","user-agent":"Mozilla/5.0 (X11; Linux x86_64) AppleWebKit/537.36 (KHTML, like Gecko) Chrome/142.0.0.0 Safari/537.36","sec-ch-ua":"\"Chromium\";v=\"142\", \"Google Chrome\";v=\"142\", \"Not_A Brand\";v=\"99\"","sec-ch-ua-mobile":"?0","accept":"*/*","sec-fetch-site":"same-origin","sec-fetch-mode":"no-cors","sec-fetch-dest":"script","referer":"http://localhost:3000/api/docs/","accept-encoding":"gzip, deflate, br, zstd","accept-language":"vi-VN,vi;q=0.9,fr-FR;q=0.8,fr;q=0.7,en-US;q=0.6,en;q=0.5","cookie":"g_state={\"i_l\":0,\"i_ll\":1763187459981,\"i_b\":\"bHNUlCxDka/r2HYrnC6+wxBxToNccP2eh8UMq5RLBN0\"}; sid=252fe913b56b4795816e19ee387103a2","if-none-match":"W/\"170b0f-19ab4bba1ed\"","if-modified-since":"Mon, 24 Nov 2025 07:19:46 GMT"}
Response: 304 Not Modified; Duration: 2ms
-------------------------------------------------------------------------------------------------------
➡️ [TIME = 2025-11-24T10:48:32.465Z, ID = 01KATQNGEGAECA4FCNFGXGVJYJ]]
Request: GET /api/docs/swagger-ui-init.js
Headers: {"host":"localhost:3000","connection":"keep-alive","sec-ch-ua-platform":"\"Linux\"","user-agent":"Mozilla/5.0 (X11; Linux x86_64) AppleWebKit/537.36 (KHTML, like Gecko) Chrome/142.0.0.0 Safari/537.36","sec-ch-ua":"\"Chromium\";v=\"142\", \"Google Chrome\";v=\"142\", \"Not_A Brand\";v=\"99\"","sec-ch-ua-mobile":"?0","accept":"*/*","sec-fetch-site":"same-origin","sec-fetch-mode":"no-cors","sec-fetch-dest":"script","referer":"http://localhost:3000/api/docs/","accept-encoding":"gzip, deflate, br, zstd","accept-language":"vi-VN,vi;q=0.9,fr-FR;q=0.8,fr;q=0.7,en-US;q=0.6,en;q=0.5","cookie":"g_state={\"i_l\":0,\"i_ll\":1763187459981,\"i_b\":\"bHNUlCxDka/r2HYrnC6+wxBxToNccP2eh8UMq5RLBN0\"}; sid=252fe913b56b4795816e19ee387103a2","if-none-match":"W/\"281d-Mp36ZDc9cjC3hf7X7l4EBwaWMjU\""}
Response: 200 OK; Duration: 1ms
-------------------------------------------------------------------------------------------------------
➡️ [TIME = 2025-11-24T10:48:32.577Z, ID = 01KATQNGJ0E4MBP403HDTJJTCR]]
Request: GET /api/docs/favicon-32x32.png
Headers: {"host":"localhost:3000","connection":"keep-alive","sec-ch-ua-platform":"\"Linux\"","user-agent":"Mozilla/5.0 (X11; Linux x86_64) AppleWebKit/537.36 (KHTML, like Gecko) Chrome/142.0.0.0 Safari/537.36","sec-ch-ua":"\"Chromium\";v=\"142\", \"Google Chrome\";v=\"142\", \"Not_A Brand\";v=\"99\"","sec-ch-ua-mobile":"?0","accept":"image/avif,image/webp,image/apng,image/svg+xml,image/*,*/*;q=0.8","sec-fetch-site":"same-origin","sec-fetch-mode":"no-cors","sec-fetch-dest":"image","referer":"http://localhost:3000/api/docs/","accept-encoding":"gzip, deflate, br, zstd","accept-language":"vi-VN,vi;q=0.9,fr-FR;q=0.8,fr;q=0.7,en-US;q=0.6,en;q=0.5","cookie":"g_state={\"i_l\":0,\"i_ll\":1763187459981,\"i_b\":\"bHNUlCxDka/r2HYrnC6+wxBxToNccP2eh8UMq5RLBN0\"}; sid=252fe913b56b4795816e19ee387103a2","if-none-match":"W/\"274-19ab4bba702\"","if-modified-since":"Mon, 24 Nov 2025 07:19:48 GMT"}
Response: 304 Not Modified; Duration: 1ms
-------------------------------------------------------------------------------------------------------
➡️ [TIME = 2025-11-24T10:48:37.931Z, ID = 01KATQNNRM711P8T4GEABE1M38]]
Request: POST /api/todolist
Headers: {"host":"localhost:3000","connection":"keep-alive","content-length":"66","sec-ch-ua-platform":"\"Linux\"","user-agent":"Mozilla/5.0 (X11; Linux x86_64) AppleWebKit/537.36 (KHTML, like Gecko) Chrome/142.0.0.0 Safari/537.36","accept":"*/*","sec-ch-ua":"\"Chromium\";v=\"142\", \"Google Chrome\";v=\"142\", \"Not_A Brand\";v=\"99\"","content-type":"application/json","sec-ch-ua-mobile":"?0","origin":"http://localhost:3000","sec-fetch-site":"same-origin","sec-fetch-mode":"cors","sec-fetch-dest":"empty","referer":"http://localhost:3000/api/docs/","accept-encoding":"gzip, deflate, br, zstd","accept-language":"vi-VN,vi;q=0.9,fr-FR;q=0.8,fr;q=0.7,en-US;q=0.6,en;q=0.5","cookie":"g_state={\"i_l\":0,\"i_ll\":1763187459981,\"i_b\":\"bHNUlCxDka/r2HYrnC6+wxBxToNccP2eh8UMq5RLBN0\"}; sid=252fe913b56b4795816e19ee387103a2"}
Response: 500 Internal Server Error; Duration: 23ms
-------------------------------------------------------------------------------------------------------
➡️ [TIME = 2025-11-24T10:50:24.118Z, ID = 01KATQRXFJ1D5HEW08PS1W8X30]]
Request: GET /api/docs/
Headers: {"host":"localhost:3000","connection":"keep-alive","cache-control":"max-age=0","sec-ch-ua":"\"Chromium\";v=\"142\", \"Google Chrome\";v=\"142\", \"Not_A Brand\";v=\"99\"","sec-ch-ua-mobile":"?0","sec-ch-ua-platform":"\"Linux\"","upgrade-insecure-requests":"1","user-agent":"Mozilla/5.0 (X11; Linux x86_64) AppleWebKit/537.36 (KHTML, like Gecko) Chrome/142.0.0.0 Safari/537.36","accept":"text/html,application/xhtml+xml,application/xml;q=0.9,image/avif,image/webp,image/apng,*/*;q=0.8,application/signed-exchange;v=b3;q=0.7","sec-fetch-site":"same-origin","sec-fetch-mode":"navigate","sec-fetch-user":"?1","sec-fetch-dest":"document","accept-encoding":"gzip, deflate, br, zstd","accept-language":"vi-VN,vi;q=0.9,fr-FR;q=0.8,fr;q=0.7,en-US;q=0.6,en;q=0.5","cookie":"g_state={\"i_l\":0,\"i_ll\":1763187459981,\"i_b\":\"bHNUlCxDka/r2HYrnC6+wxBxToNccP2eh8UMq5RLBN0\"}; sid=252fe913b56b4795816e19ee387103a2","if-none-match":"W/\"c22-H8FH9nKD8DeX/nvIRrte6ZjP2a4\""}
Response: 304 Not Modified; Duration: 4ms
-------------------------------------------------------------------------------------------------------
➡️ [TIME = 2025-11-24T10:50:24.140Z, ID = 01KATQRXGATSWAVRQ9W3FP71X6]]
Request: GET /api/docs/swagger-ui.css
Headers: {"host":"localhost:3000","connection":"keep-alive","sec-ch-ua-platform":"\"Linux\"","if-none-match":"W/\"25e4c-19ab4bba198\"","user-agent":"Mozilla/5.0 (X11; Linux x86_64) AppleWebKit/537.36 (KHTML, like Gecko) Chrome/142.0.0.0 Safari/537.36","sec-ch-ua":"\"Chromium\";v=\"142\", \"Google Chrome\";v=\"142\", \"Not_A Brand\";v=\"99\"","if-modified-since":"Mon, 24 Nov 2025 07:19:46 GMT","sec-ch-ua-mobile":"?0","accept":"text/css,*/*;q=0.1","sec-fetch-site":"same-origin","sec-fetch-mode":"no-cors","sec-fetch-dest":"style","referer":"http://localhost:3000/api/docs/","accept-encoding":"gzip, deflate, br, zstd","accept-language":"vi-VN,vi;q=0.9,fr-FR;q=0.8,fr;q=0.7,en-US;q=0.6,en;q=0.5","cookie":"g_state={\"i_l\":0,\"i_ll\":1763187459981,\"i_b\":\"bHNUlCxDka/r2HYrnC6+wxBxToNccP2eh8UMq5RLBN0\"}; sid=252fe913b56b4795816e19ee387103a2"}
Response: 304 Not Modified; Duration: 2ms
-------------------------------------------------------------------------------------------------------
➡️ [TIME = 2025-11-24T10:50:24.141Z, ID = 01KATQRXGC9ETASM0CBR5WPE9D]]
Request: GET /api/docs/swagger-ui-bundle.js
Headers: {"host":"localhost:3000","connection":"keep-alive","sec-ch-ua-platform":"\"Linux\"","if-none-match":"W/\"170b0f-19ab4bba1ed\"","user-agent":"Mozilla/5.0 (X11; Linux x86_64) AppleWebKit/537.36 (KHTML, like Gecko) Chrome/142.0.0.0 Safari/537.36","sec-ch-ua":"\"Chromium\";v=\"142\", \"Google Chrome\";v=\"142\", \"Not_A Brand\";v=\"99\"","if-modified-since":"Mon, 24 Nov 2025 07:19:46 GMT","sec-ch-ua-mobile":"?0","accept":"*/*","sec-fetch-site":"same-origin","sec-fetch-mode":"no-cors","sec-fetch-dest":"script","referer":"http://localhost:3000/api/docs/","accept-encoding":"gzip, deflate, br, zstd","accept-language":"vi-VN,vi;q=0.9,fr-FR;q=0.8,fr;q=0.7,en-US;q=0.6,en;q=0.5","cookie":"g_state={\"i_l\":0,\"i_ll\":1763187459981,\"i_b\":\"bHNUlCxDka/r2HYrnC6+wxBxToNccP2eh8UMq5RLBN0\"}; sid=252fe913b56b4795816e19ee387103a2"}
Response: 304 Not Modified; Duration: 1ms
-------------------------------------------------------------------------------------------------------
➡️ [TIME = 2025-11-24T10:50:24.142Z, ID = 01KATQRXGD81R9S65VWZHY7NKD]]
Request: GET /api/docs/swagger-ui-standalone-preset.js
Headers: {"host":"localhost:3000","connection":"keep-alive","sec-ch-ua-platform":"\"Linux\"","if-none-match":"W/\"3d1df-19ab4bba462\"","user-agent":"Mozilla/5.0 (X11; Linux x86_64) AppleWebKit/537.36 (KHTML, like Gecko) Chrome/142.0.0.0 Safari/537.36","sec-ch-ua":"\"Chromium\";v=\"142\", \"Google Chrome\";v=\"142\", \"Not_A Brand\";v=\"99\"","if-modified-since":"Mon, 24 Nov 2025 07:19:47 GMT","sec-ch-ua-mobile":"?0","accept":"*/*","sec-fetch-site":"same-origin","sec-fetch-mode":"no-cors","sec-fetch-dest":"script","referer":"http://localhost:3000/api/docs/","accept-encoding":"gzip, deflate, br, zstd","accept-language":"vi-VN,vi;q=0.9,fr-FR;q=0.8,fr;q=0.7,en-US;q=0.6,en;q=0.5","cookie":"g_state={\"i_l\":0,\"i_ll\":1763187459981,\"i_b\":\"bHNUlCxDka/r2HYrnC6+wxBxToNccP2eh8UMq5RLBN0\"}; sid=252fe913b56b4795816e19ee387103a2"}
Response: 304 Not Modified; Duration: 1ms
-------------------------------------------------------------------------------------------------------
➡️ [TIME = 2025-11-24T10:50:24.143Z, ID = 01KATQRXGE21NXG4GEF8BG88RB]]
Request: GET /api/docs/swagger-ui-init.js
Headers: {"host":"localhost:3000","connection":"keep-alive","sec-ch-ua-platform":"\"Linux\"","if-none-match":"W/\"2ba0-jXSM8/Cl1/Eu7qxLX2uEkY19oXw\"","user-agent":"Mozilla/5.0 (X11; Linux x86_64) AppleWebKit/537.36 (KHTML, like Gecko) Chrome/142.0.0.0 Safari/537.36","sec-ch-ua":"\"Chromium\";v=\"142\", \"Google Chrome\";v=\"142\", \"Not_A Brand\";v=\"99\"","sec-ch-ua-mobile":"?0","accept":"*/*","sec-fetch-site":"same-origin","sec-fetch-mode":"no-cors","sec-fetch-dest":"script","referer":"http://localhost:3000/api/docs/","accept-encoding":"gzip, deflate, br, zstd","accept-language":"vi-VN,vi;q=0.9,fr-FR;q=0.8,fr;q=0.7,en-US;q=0.6,en;q=0.5","cookie":"g_state={\"i_l\":0,\"i_ll\":1763187459981,\"i_b\":\"bHNUlCxDka/r2HYrnC6+wxBxToNccP2eh8UMq5RLBN0\"}; sid=252fe913b56b4795816e19ee387103a2"}
Response: 200 OK; Duration: 1ms
-------------------------------------------------------------------------------------------------------
➡️ [TIME = 2025-11-24T10:50:24.239Z, ID = 01KATQRXKF5NJD3DB3NMJ1J2DG]]
Request: GET /api/docs/favicon-32x32.png
Headers: {"host":"localhost:3000","connection":"keep-alive","sec-ch-ua-platform":"\"Linux\"","user-agent":"Mozilla/5.0 (X11; Linux x86_64) AppleWebKit/537.36 (KHTML, like Gecko) Chrome/142.0.0.0 Safari/537.36","sec-ch-ua":"\"Chromium\";v=\"142\", \"Google Chrome\";v=\"142\", \"Not_A Brand\";v=\"99\"","sec-ch-ua-mobile":"?0","accept":"image/avif,image/webp,image/apng,image/svg+xml,image/*,*/*;q=0.8","sec-fetch-site":"same-origin","sec-fetch-mode":"no-cors","sec-fetch-dest":"image","referer":"http://localhost:3000/api/docs/","accept-encoding":"gzip, deflate, br, zstd","accept-language":"vi-VN,vi;q=0.9,fr-FR;q=0.8,fr;q=0.7,en-US;q=0.6,en;q=0.5","cookie":"g_state={\"i_l\":0,\"i_ll\":1763187459981,\"i_b\":\"bHNUlCxDka/r2HYrnC6+wxBxToNccP2eh8UMq5RLBN0\"}; sid=252fe913b56b4795816e19ee387103a2","if-none-match":"W/\"274-19ab4bba702\"","if-modified-since":"Mon, 24 Nov 2025 07:19:48 GMT"}
Response: 304 Not Modified; Duration: 0ms
-------------------------------------------------------------------------------------------------------
➡️ [TIME = 2025-11-24T10:50:27.461Z, ID = 01KATQS0QDBG65C3YN0QP7SQPD]]
Request: POST /api/todolist
Headers: {"host":"localhost:3000","connection":"keep-alive","content-length":"66","sec-ch-ua-platform":"\"Linux\"","user-agent":"Mozilla/5.0 (X11; Linux x86_64) AppleWebKit/537.36 (KHTML, like Gecko) Chrome/142.0.0.0 Safari/537.36","accept":"*/*","sec-ch-ua":"\"Chromium\";v=\"142\", \"Google Chrome\";v=\"142\", \"Not_A Brand\";v=\"99\"","content-type":"application/json","sec-ch-ua-mobile":"?0","origin":"http://localhost:3000","sec-fetch-site":"same-origin","sec-fetch-mode":"cors","sec-fetch-dest":"empty","referer":"http://localhost:3000/api/docs/","accept-encoding":"gzip, deflate, br, zstd","accept-language":"vi-VN,vi;q=0.9,fr-FR;q=0.8,fr;q=0.7,en-US;q=0.6,en;q=0.5","cookie":"g_state={\"i_l\":0,\"i_ll\":1763187459981,\"i_b\":\"bHNUlCxDka/r2HYrnC6+wxBxToNccP2eh8UMq5RLBN0\"}; sid=252fe913b56b4795816e19ee387103a2"}
Response: 500 Internal Server Error; Duration: 24ms
-------------------------------------------------------------------------------------------------------
➡️ [TIME = 2025-11-24T10:50:43.809Z, ID = 01KATQSGPYBZNXAR6MTQ8S8WS1]]
Request: POST /api/todolist
Headers: {"host":"localhost:3000","connection":"keep-alive","content-length":"68","sec-ch-ua-platform":"\"Linux\"","user-agent":"Mozilla/5.0 (X11; Linux x86_64) AppleWebKit/537.36 (KHTML, like Gecko) Chrome/142.0.0.0 Safari/537.36","accept":"*/*","sec-ch-ua":"\"Chromium\";v=\"142\", \"Google Chrome\";v=\"142\", \"Not_A Brand\";v=\"99\"","content-type":"application/json","sec-ch-ua-mobile":"?0","origin":"http://localhost:3000","sec-fetch-site":"same-origin","sec-fetch-mode":"cors","sec-fetch-dest":"empty","referer":"http://localhost:3000/api/docs/","accept-encoding":"gzip, deflate, br, zstd","accept-language":"vi-VN,vi;q=0.9,fr-FR;q=0.8,fr;q=0.7,en-US;q=0.6,en;q=0.5","cookie":"g_state={\"i_l\":0,\"i_ll\":1763187459981,\"i_b\":\"bHNUlCxDka/r2HYrnC6+wxBxToNccP2eh8UMq5RLBN0\"}; sid=252fe913b56b4795816e19ee387103a2"}
Response: 500 Internal Server Error; Duration: 3ms
-------------------------------------------------------------------------------------------------------
➡️ [TIME = 2025-11-24T10:51:02.938Z, ID = 01KATQT3CR85V1923FTS5H0X6H]]
Request: POST /api/todolist
Headers: {"host":"localhost:3000","connection":"keep-alive","content-length":"66","sec-ch-ua-platform":"\"Linux\"","user-agent":"Mozilla/5.0 (X11; Linux x86_64) AppleWebKit/537.36 (KHTML, like Gecko) Chrome/142.0.0.0 Safari/537.36","accept":"*/*","sec-ch-ua":"\"Chromium\";v=\"142\", \"Google Chrome\";v=\"142\", \"Not_A Brand\";v=\"99\"","content-type":"application/json","sec-ch-ua-mobile":"?0","origin":"http://localhost:3000","sec-fetch-site":"same-origin","sec-fetch-mode":"cors","sec-fetch-dest":"empty","referer":"http://localhost:3000/api/docs/","accept-encoding":"gzip, deflate, br, zstd","accept-language":"vi-VN,vi;q=0.9,fr-FR;q=0.8,fr;q=0.7,en-US;q=0.6,en;q=0.5","cookie":"g_state={\"i_l\":0,\"i_ll\":1763187459981,\"i_b\":\"bHNUlCxDka/r2HYrnC6+wxBxToNccP2eh8UMq5RLBN0\"}; sid=252fe913b56b4795816e19ee387103a2"}
Response: 500 Internal Server Error; Duration: 2ms
-------------------------------------------------------------------------------------------------------
➡️ [TIME = 2025-11-24T10:51:31.354Z, ID = 01KATQTZ4HWNNSXHB547NJQ8SZ]]
Request: POST /api/users
Headers: {"host":"localhost:3000","connection":"keep-alive","content-length":"62","sec-ch-ua-platform":"\"Linux\"","user-agent":"Mozilla/5.0 (X11; Linux x86_64) AppleWebKit/537.36 (KHTML, like Gecko) Chrome/142.0.0.0 Safari/537.36","accept":"*/*","sec-ch-ua":"\"Chromium\";v=\"142\", \"Google Chrome\";v=\"142\", \"Not_A Brand\";v=\"99\"","content-type":"application/json","sec-ch-ua-mobile":"?0","origin":"http://localhost:3000","sec-fetch-site":"same-origin","sec-fetch-mode":"cors","sec-fetch-dest":"empty","referer":"http://localhost:3000/api/docs/","accept-encoding":"gzip, deflate, br, zstd","accept-language":"vi-VN,vi;q=0.9,fr-FR;q=0.8,fr;q=0.7,en-US;q=0.6,en;q=0.5","cookie":"g_state={\"i_l\":0,\"i_ll\":1763187459981,\"i_b\":\"bHNUlCxDka/r2HYrnC6+wxBxToNccP2eh8UMq5RLBN0\"}; sid=252fe913b56b4795816e19ee387103a2"}
Response: 201 Created; Duration: 9ms
-------------------------------------------------------------------------------------------------------
➡️ [TIME = 2025-11-24T10:51:39.518Z, ID = 01KATQV72PM96Z9BA7NYTSQ779]]
Request: POST /api/todolist
Headers: {"host":"localhost:3000","connection":"keep-alive","content-length":"84","sec-ch-ua-platform":"\"Linux\"","user-agent":"Mozilla/5.0 (X11; Linux x86_64) AppleWebKit/537.36 (KHTML, like Gecko) Chrome/142.0.0.0 Safari/537.36","accept":"*/*","sec-ch-ua":"\"Chromium\";v=\"142\", \"Google Chrome\";v=\"142\", \"Not_A Brand\";v=\"99\"","content-type":"application/json","sec-ch-ua-mobile":"?0","origin":"http://localhost:3000","sec-fetch-site":"same-origin","sec-fetch-mode":"cors","sec-fetch-dest":"empty","referer":"http://localhost:3000/api/docs/","accept-encoding":"gzip, deflate, br, zstd","accept-language":"vi-VN,vi;q=0.9,fr-FR;q=0.8,fr;q=0.7,en-US;q=0.6,en;q=0.5","cookie":"g_state={\"i_l\":0,\"i_ll\":1763187459981,\"i_b\":\"bHNUlCxDka/r2HYrnC6+wxBxToNccP2eh8UMq5RLBN0\"}; sid=252fe913b56b4795816e19ee387103a2"}
Response: 201 Created; Duration: 40ms
-------------------------------------------------------------------------------------------------------
